Sep 14, 2015 7:23:09 PM DataLoader writeLog
INFO: Application Started Successfully
Sep 14, 2015 7:23:09 PM DataLoader writeLog
INFO: DataExtraction Operation Started for DB table ACCOUNTS
Sep 14, 2015 7:23:09 PM DataLoader writeLog
SEVERE: SQL Error!![NetSuite][NetSuite JDBC Driver][OpenAccess SDK SQL Engine]Syntax Error in the SQL statement.[10104]
Sep 14, 2015 7:23:09 PM DataLoader writeLog
SEVERE: Error!!D:\Sumanta\workspace\P2PFinal\FactSQLDir\.sql (The system cannot find the file specified)
Sep 14, 2015 7:23:09 PM DataLoader writeLog
SEVERE: Error!!java.io.FileNotFoundException: D:\Sumanta\workspace\P2PFinal\FactSQLDir\.sql (The system cannot find the file specified)
Sep 14, 2015 7:23:10 PM DataLoader writeLog
INFO: There is an issue while creating the extract of ACCOUNTS. So loading operation is skipped for ACCOUNTS
Sep 14, 2015 7:23:10 PM DataLoader writeLog
INFO: There is an issue while creating the extract of . So loading operation is skipped for 
Sep 14, 2015 7:24:22 PM DataLoader writeLog
INFO: Application Started Successfully
Sep 14, 2015 7:24:22 PM DataLoader writeLog
INFO: DataExtraction Operation Started for DB table ACCOUNTS
Sep 14, 2015 7:24:57 PM DataLoader writeLog
INFO: Application Started Successfully
Sep 14, 2015 7:24:57 PM DataLoader writeLog
INFO: DataExtraction Operation Started for DB table ACCOUNTS
Sep 14, 2015 7:25:04 PM DataLoader writeLog
INFO: Retrieving data for ACCOUNTS
Sep 14, 2015 7:25:04 PM DataLoader writeLog
INFO: DataExtration Oparation for table ACCOUNTS is extracted in D:\Sumanta\workspace\P2PFinal\DB_Extracts\14-09-2015\ACCOUNTS-14092015072504.csv
Sep 14, 2015 7:25:04 PM DataLoader writeLog
SEVERE: Error!!D:\Sumanta\workspace\P2PFinal\FactSQLDir\.sql (The system cannot find the file specified)
Sep 14, 2015 7:25:04 PM DataLoader writeLog
SEVERE: Error!!java.io.FileNotFoundException: D:\Sumanta\workspace\P2PFinal\FactSQLDir\.sql (The system cannot find the file specified)
Sep 14, 2015 7:25:05 PM DataLoader writeLog
INFO: Uploading ACCOUNTS-14092015072504.csv to Amazon S3 bucket kol-kd
Sep 14, 2015 7:25:05 PM DataLoader writeLog
INFO: ACCOUNTS-14092015072504.csv transffered successfully.
Sep 14, 2015 7:25:05 PM DataLoader writeLog
INFO: RedShift Data loading started for ACCOUNTS
