Aug 27, 2015 3:07:30 PM DataLoader writeLog
INFO: Application Started Successfully
Aug 27, 2015 3:07:30 PM DataLoader writeLog
INFO: DataExtraction Operation Started for DB table SUBSIDIARIES
Aug 27, 2015 3:07:44 PM DataLoader writeLog
INFO: Retrieving data for SUBSIDIARIES
Aug 27, 2015 3:07:45 PM DataLoader writeLog
INFO: DataExtration Oparation for table SUBSIDIARIES is extracted in C:\Scholastic\codes\Sandbox\P2PFinal\DB_Extracts\27-08-2015\SUBSIDIARIES-27082015030744.csv
Aug 27, 2015 3:07:45 PM DataLoader writeLog
INFO: DataExtration Oparation is Completed.
Aug 27, 2015 3:07:45 PM DataLoader writeLog
INFO: Retrieving data for PurchaseOrder
Aug 27, 2015 3:30:29 PM DataLoader writeLog
INFO: Application Started Successfully
Aug 27, 2015 3:30:29 PM DataLoader writeLog
INFO: DataExtraction Operation Started for DB table SUBSIDIARIES
Aug 27, 2015 3:30:44 PM DataLoader writeLog
INFO: Retrieving data for SUBSIDIARIES
Aug 27, 2015 3:30:45 PM DataLoader writeLog
INFO: DataExtration Oparation for table SUBSIDIARIES is extracted in C:\Scholastic\codes\Sandbox\P2PFinal\DB_Extracts\27-08-2015\SUBSIDIARIES-27082015033044.csv
Aug 27, 2015 3:30:45 PM DataLoader writeLog
INFO: DataExtration Oparation is Completed.
Aug 27, 2015 3:30:45 PM DataLoader writeLog
INFO: Executing query for PurchaseOrder
Aug 27, 2015 3:30:58 PM DataLoader writeLog
INFO: Retrieving data for PurchaseOrder
Aug 27, 2015 3:33:44 PM DataLoader writeLog
INFO: Application Started Successfully
Aug 27, 2015 3:33:44 PM DataLoader writeLog
INFO: DataExtraction Operation Started for DB table SUBSIDIARIES
Aug 27, 2015 3:33:58 PM DataLoader writeLog
INFO: Retrieving data for SUBSIDIARIES
Aug 27, 2015 3:34:00 PM DataLoader writeLog
INFO: DataExtration Oparation for table SUBSIDIARIES is extracted in C:\Scholastic\codes\Sandbox\P2PFinal\DB_Extracts\27-08-2015\SUBSIDIARIES-27082015033358.csv
Aug 27, 2015 3:34:00 PM DataLoader writeLog
INFO: DataExtration Oparation is Completed.
Aug 27, 2015 3:34:00 PM DataLoader writeLog
INFO: Executing query for PurchaseOrder
Aug 27, 2015 3:34:11 PM DataLoader writeLog
INFO: Retrieving data for PurchaseOrder
Aug 27, 2015 3:47:09 PM DataLoader writeLog
INFO: Application Started Successfully
Aug 27, 2015 3:47:09 PM DataLoader writeLog
INFO: DataExtraction Operation Started for DB table SUBSIDIARIES
Aug 27, 2015 3:47:11 PM DataLoader writeLog
INFO: Retrieving data for SUBSIDIARIES
Aug 27, 2015 3:47:12 PM DataLoader writeLog
INFO: DataExtration Oparation for table SUBSIDIARIES is extracted in C:\Scholastic\codes\Sandbox\P2PFinal\DB_Extracts\27-08-2015\SUBSIDIARIES-27082015034711.csv
Aug 27, 2015 3:47:12 PM DataLoader writeLog
INFO: DataExtration Oparation is Completed.
Aug 27, 2015 3:47:12 PM DataLoader writeLog
INFO: Executing query for PurchaseOrder
Aug 27, 2015 3:47:19 PM DataLoader writeLog
INFO: Retrieving data for PurchaseOrder
Aug 27, 2015 3:56:17 PM DataLoader writeLog
INFO: Application Started Successfully
Aug 27, 2015 3:56:17 PM DataLoader writeLog
INFO: DataExtraction Operation Started for DB table SUBSIDIARIES
Aug 27, 2015 3:56:18 PM DataLoader writeLog
INFO: Retrieving data for SUBSIDIARIES
Aug 27, 2015 3:56:19 PM DataLoader writeLog
INFO: DataExtration Oparation for table SUBSIDIARIES is extracted in C:\Scholastic\codes\Sandbox\P2PFinal\DB_Extracts\27-08-2015\SUBSIDIARIES-27082015035618.csv
Aug 27, 2015 3:56:19 PM DataLoader writeLog
INFO: DataExtration Oparation is Completed.
Aug 27, 2015 3:56:19 PM DataLoader writeLog
INFO: Executing query for PurchaseOrder
Aug 27, 2015 3:56:28 PM DataLoader writeLog
INFO: Retrieving data for PurchaseOrder
Aug 27, 2015 3:58:15 PM DataLoader writeLog
INFO: Application Started Successfully
Aug 27, 2015 3:58:15 PM DataLoader writeLog
INFO: DataExtraction Operation Started for DB table SUBSIDIARIES
Aug 27, 2015 3:58:17 PM DataLoader writeLog
INFO: Retrieving data for SUBSIDIARIES
Aug 27, 2015 3:58:18 PM DataLoader writeLog
INFO: DataExtration Oparation for table SUBSIDIARIES is extracted in C:\Scholastic\codes\Sandbox\P2PFinal\DB_Extracts\27-08-2015\SUBSIDIARIES-27082015035817.csv
Aug 27, 2015 3:58:18 PM DataLoader writeLog
INFO: DataExtration Oparation is Completed.
Aug 27, 2015 3:58:18 PM DataLoader writeLog
INFO: Executing query for PurchaseOrder
Aug 27, 2015 3:58:26 PM DataLoader writeLog
INFO: Retrieving data for PurchaseOrder
Aug 27, 2015 5:20:58 PM DataLoader writeLog
INFO: Application Started Successfully
Aug 27, 2015 5:20:58 PM DataLoader writeLog
INFO: DataExtraction Operation Started for DB table SUBSIDIARIES
Aug 27, 2015 5:21:00 PM DataLoader writeLog
INFO: Retrieving data for SUBSIDIARIES
Aug 27, 2015 5:21:01 PM DataLoader writeLog
INFO: DataExtration Oparation for table SUBSIDIARIES is extracted in C:\Scholastic\codes\Sandbox\P2PFinal\DB_Extracts\27-08-2015\SUBSIDIARIES-27082015052100.csv
Aug 27, 2015 5:21:01 PM DataLoader writeLog
INFO: DataExtration Oparation is Completed.
Aug 27, 2015 5:21:01 PM DataLoader writeLog
INFO: Executing query for PurchaseOrder
Aug 27, 2015 5:21:08 PM DataLoader writeLog
INFO: Retrieving data for PurchaseOrder
Aug 27, 2015 5:21:11 PM DataLoader writeLog
SEVERE: Error!!Invalid Properties file or facts.properties not found
Aug 27, 2015 5:21:11 PM DataLoader writeLog
SEVERE: Error!!java.io.FileNotFoundException: Invalid Properties file or facts.properties not found
Aug 27, 2015 5:24:10 PM DataLoader writeLog
INFO: Application Started Successfully
Aug 27, 2015 5:24:10 PM DataLoader writeLog
INFO: DataExtraction Operation Started for DB table SUBSIDIARIES
Aug 27, 2015 5:24:12 PM DataLoader writeLog
INFO: Retrieving data for SUBSIDIARIES
Aug 27, 2015 5:24:13 PM DataLoader writeLog
INFO: DataExtration Oparation for table SUBSIDIARIES is extracted in C:\Scholastic\codes\Sandbox\P2PFinal\DB_Extracts\27-08-2015\SUBSIDIARIES-27082015052412.csv
Aug 27, 2015 5:24:13 PM DataLoader writeLog
INFO: DataExtration Oparation is Completed.
Aug 27, 2015 5:24:13 PM DataLoader writeLog
INFO: Executing query for PurchaseOrder
Aug 27, 2015 5:24:21 PM DataLoader writeLog
INFO: Retrieving data for PurchaseOrder
Aug 27, 2015 5:24:23 PM DataLoader writeLog
INFO: Extraction Completed for fact 
Aug 27, 2015 5:28:48 PM DataLoader writeLog
INFO: Application Started Successfully
Aug 27, 2015 5:28:48 PM DataLoader writeLog
INFO: DataExtraction Operation Started for DB table SUBSIDIARIES
Aug 27, 2015 5:28:50 PM DataLoader writeLog
INFO: Retrieving data for SUBSIDIARIES
Aug 27, 2015 5:28:51 PM DataLoader writeLog
INFO: DataExtration Oparation for table SUBSIDIARIES is extracted in C:\Scholastic\codes\Sandbox\P2PFinal\DB_Extracts\27-08-2015\SUBSIDIARIES-27082015052850.csv
Aug 27, 2015 5:28:51 PM DataLoader writeLog
INFO: DataExtration Oparation is Completed.
Aug 27, 2015 5:28:51 PM DataLoader writeLog
INFO: Executing query for PurchaseOrder
Aug 27, 2015 5:28:58 PM DataLoader writeLog
INFO: Retrieving data for PurchaseOrder
Aug 27, 2015 5:29:00 PM DataLoader writeLog
INFO: Extraction Completed for fact 
Aug 27, 2015 7:02:37 PM DataLoader writeLog
INFO: Application Started Successfully
Aug 27, 2015 7:02:37 PM DataLoader writeLog
INFO: DataExtraction Operation Started for DB table SUBSIDIARIES
Aug 27, 2015 7:02:39 PM DataLoader writeLog
INFO: Retrieving data for SUBSIDIARIES
Aug 27, 2015 7:02:40 PM DataLoader writeLog
INFO: DataExtration Oparation for table SUBSIDIARIES is extracted in C:\Scholastic\codes\Sandbox\P2PFinal\DB_Extracts\27-08-2015\SUBSIDIARIES-27082015070239.csv
Aug 27, 2015 7:02:40 PM DataLoader writeLog
INFO: DataExtration Oparation is Completed.
Aug 27, 2015 7:02:40 PM DataLoader writeLog
INFO: Executing query for PurchaseOrderwhere DATE_LAST_MODIFIED >= 2015-08-27 17:29:00
Aug 27, 2015 7:02:48 PM DataLoader writeLog
INFO: Retrieving data for PurchaseOrder
Aug 27, 2015 7:02:49 PM DataLoader writeLog
INFO: Extraction Completed for fact 
Aug 27, 2015 7:02:52 PM DataLoader writeLog
INFO: Uploading SUBSIDIARIES-27082015070239.csv to Amazon S3 bucket kol-kd
Aug 27, 2015 7:02:52 PM DataLoader writeLog
INFO: SUBSIDIARIES-27082015070239.csv transffered successfully.
Aug 27, 2015 7:02:52 PM DataLoader writeLog
SEVERE: Index: 0, Size: 0
Aug 27, 2015 7:02:52 PM DataLoader writeLog
INFO: Uploading PurchaseOrder-27082015070248.csv to Amazon S3 bucket kol-kd
Aug 27, 2015 7:02:52 PM DataLoader writeLog
INFO: PurchaseOrder-27082015070248.csv transffered successfully.
Aug 27, 2015 7:02:52 PM DataLoader writeLog
SEVERE: 1
Aug 27, 2015 7:02:52 PM DataLoader writeLog
INFO: All files are transffered successfully.
Aug 27, 2015 7:06:52 PM DataLoader writeLog
INFO: Application Started Successfully
Aug 27, 2015 7:06:52 PM DataLoader writeLog
INFO: DataExtraction Operation Started for DB table SUBSIDIARIES
Aug 27, 2015 7:06:54 PM DataLoader writeLog
INFO: Retrieving data for SUBSIDIARIES
Aug 27, 2015 7:06:54 PM DataLoader writeLog
INFO: DataExtration Oparation for table SUBSIDIARIES is extracted in C:\Scholastic\codes\Sandbox\P2PFinal\DB_Extracts\27-08-2015\SUBSIDIARIES-27082015070654.csv
Aug 27, 2015 7:06:54 PM DataLoader writeLog
INFO: DataExtration Oparation is Completed.
Aug 27, 2015 7:06:55 PM DataLoader writeLog
INFO: Executing query for PurchaseOrderwhere DATE_LAST_MODIFIED >= 2015-08-27 19:02:49
Aug 27, 2015 7:07:02 PM DataLoader writeLog
INFO: Retrieving data for PurchaseOrder
Aug 27, 2015 7:07:03 PM DataLoader writeLog
INFO: Extraction Completed for fact 
Aug 27, 2015 7:08:20 PM DataLoader writeLog
INFO: Uploading SUBSIDIARIES-27082015070654.csv to Amazon S3 bucket kol-kd
Aug 27, 2015 7:09:04 PM DataLoader writeLog
INFO: SUBSIDIARIES-27082015070654.csv transffered successfully.
Aug 27, 2015 7:09:53 PM DataLoader writeLog
SEVERE: Index: 0, Size: 0
Aug 27, 2015 7:10:42 PM DataLoader writeLog
INFO: Application Started Successfully
Aug 27, 2015 7:10:42 PM DataLoader writeLog
INFO: DataExtraction Operation Started for DB table SUBSIDIARIES
Aug 27, 2015 7:10:44 PM DataLoader writeLog
INFO: Retrieving data for SUBSIDIARIES
Aug 27, 2015 7:10:45 PM DataLoader writeLog
INFO: DataExtration Oparation for table SUBSIDIARIES is extracted in C:\Scholastic\codes\Sandbox\P2PFinal\DB_Extracts\27-08-2015\SUBSIDIARIES-27082015071044.csv
Aug 27, 2015 7:10:45 PM DataLoader writeLog
INFO: DataExtration Oparation is Completed.
Aug 27, 2015 7:10:45 PM DataLoader writeLog
INFO: Executing query for PurchaseOrderwhere DATE_LAST_MODIFIED >= 2015-08-27 19:07:03
Aug 27, 2015 7:10:52 PM DataLoader writeLog
INFO: Retrieving data for PurchaseOrder
Aug 27, 2015 7:10:53 PM DataLoader writeLog
INFO: Extraction Completed for fact 
Aug 27, 2015 7:10:54 PM DataLoader writeLog
INFO: Uploading SUBSIDIARIES-27082015071044.csv to Amazon S3 bucket kol-kd
Aug 27, 2015 7:10:54 PM DataLoader writeLog
INFO: SUBSIDIARIES-27082015071044.csv transffered successfully.
Aug 27, 2015 7:10:54 PM DataLoader writeLog
INFO: Uploading PurchaseOrder-27082015071052.csv to Amazon S3 bucket kol-kd
Aug 27, 2015 7:10:54 PM DataLoader writeLog
INFO: PurchaseOrder-27082015071052.csv transffered successfully.
Aug 27, 2015 7:10:54 PM DataLoader writeLog
SEVERE: 1
Aug 27, 2015 7:10:54 PM DataLoader writeLog
INFO: All files are transffered successfully.
Aug 27, 2015 7:12:32 PM DataLoader writeLog
INFO: Application Started Successfully
Aug 27, 2015 7:12:32 PM DataLoader writeLog
INFO: DataExtraction Operation Started for DB table SUBSIDIARIES
Aug 27, 2015 7:12:33 PM DataLoader writeLog
INFO: Retrieving data for SUBSIDIARIES
Aug 27, 2015 7:12:34 PM DataLoader writeLog
INFO: DataExtration Oparation for table SUBSIDIARIES is extracted in C:\Scholastic\codes\Sandbox\P2PFinal\DB_Extracts\27-08-2015\SUBSIDIARIES-27082015071233.csv
Aug 27, 2015 7:12:34 PM DataLoader writeLog
INFO: DataExtration Oparation is Completed.
Aug 27, 2015 7:12:34 PM DataLoader writeLog
INFO: Executing query for PurchaseOrderwhere DATE_LAST_MODIFIED >= 2015-08-27 19:10:53
Aug 27, 2015 7:12:41 PM DataLoader writeLog
INFO: Retrieving data for PurchaseOrder
Aug 27, 2015 7:12:42 PM DataLoader writeLog
INFO: Extraction Completed for fact 
Aug 27, 2015 7:12:53 PM DataLoader writeLog
INFO: Uploading SUBSIDIARIES-27082015071233.csv to Amazon S3 bucket kol-kd
Aug 27, 2015 7:13:00 PM DataLoader writeLog
INFO: SUBSIDIARIES-27082015071233.csv transffered successfully.
Aug 27, 2015 7:15:02 PM DataLoader writeLog
INFO: Application Started Successfully
Aug 27, 2015 7:15:02 PM DataLoader writeLog
INFO: DataExtraction Operation Started for DB table SUBSIDIARIES
Aug 27, 2015 7:15:04 PM DataLoader writeLog
INFO: Retrieving data for SUBSIDIARIES
Aug 27, 2015 7:15:05 PM DataLoader writeLog
INFO: DataExtration Oparation for table SUBSIDIARIES is extracted in C:\Scholastic\codes\Sandbox\P2PFinal\DB_Extracts\27-08-2015\SUBSIDIARIES-27082015071504.csv
Aug 27, 2015 7:15:05 PM DataLoader writeLog
INFO: DataExtration Oparation is Completed.
Aug 27, 2015 7:15:05 PM DataLoader writeLog
INFO: Executing query for PurchaseOrderwhere DATE_LAST_MODIFIED >= 2015-08-27 19:12:42
Aug 27, 2015 7:15:12 PM DataLoader writeLog
INFO: Retrieving data for PurchaseOrder
Aug 27, 2015 7:15:14 PM DataLoader writeLog
INFO: Extraction Completed for fact 
Aug 27, 2015 7:15:14 PM DataLoader writeLog
INFO: Uploading SUBSIDIARIES-27082015071504.csv to Amazon S3 bucket kol-kd
Aug 27, 2015 7:15:14 PM DataLoader writeLog
INFO: SUBSIDIARIES-27082015071504.csv transffered successfully.
Aug 27, 2015 7:15:14 PM DataLoader writeLog
INFO: Uploading PurchaseOrder-27082015071512.csv to Amazon S3 bucket kol-kd
Aug 27, 2015 7:15:14 PM DataLoader writeLog
INFO: PurchaseOrder-27082015071512.csv transffered successfully.
Aug 27, 2015 7:15:14 PM DataLoader writeLog
SEVERE: Index: 1, Size: 1
Aug 27, 2015 7:15:14 PM DataLoader writeLog
INFO: All files are transffered successfully.
Aug 27, 2015 7:16:00 PM DataLoader writeLog
INFO: Application Started Successfully
Aug 27, 2015 7:16:00 PM DataLoader writeLog
INFO: DataExtraction Operation Started for DB table SUBSIDIARIES
Aug 27, 2015 7:16:01 PM DataLoader writeLog
INFO: Retrieving data for SUBSIDIARIES
Aug 27, 2015 7:16:02 PM DataLoader writeLog
INFO: DataExtration Oparation for table SUBSIDIARIES is extracted in C:\Scholastic\codes\Sandbox\P2PFinal\DB_Extracts\27-08-2015\SUBSIDIARIES-27082015071601.csv
Aug 27, 2015 7:16:02 PM DataLoader writeLog
INFO: DataExtration Oparation is Completed.
Aug 27, 2015 7:16:02 PM DataLoader writeLog
INFO: Executing query for PurchaseOrderwhere DATE_LAST_MODIFIED >= 2015-08-27 19:15:14
Aug 27, 2015 7:16:10 PM DataLoader writeLog
INFO: Retrieving data for PurchaseOrder
Aug 27, 2015 7:16:12 PM DataLoader writeLog
INFO: Extraction Completed for fact 
Aug 27, 2015 7:16:25 PM DataLoader writeLog
INFO: Uploading SUBSIDIARIES-27082015071601.csv to Amazon S3 bucket kol-kd
Aug 27, 2015 7:16:32 PM DataLoader writeLog
INFO: SUBSIDIARIES-27082015071601.csv transffered successfully.
Aug 27, 2015 7:23:26 PM DataLoader writeLog
INFO: Application Started Successfully
Aug 27, 2015 7:23:26 PM DataLoader writeLog
INFO: DataExtraction Operation Started for DB table SUBSIDIARIES
Aug 27, 2015 7:23:32 PM DataLoader writeLog
INFO: Retrieving data for SUBSIDIARIES
Aug 27, 2015 7:23:37 PM DataLoader writeLog
INFO: DataExtration Oparation for table SUBSIDIARIES is extracted in C:\Scholastic\codes\Sandbox\P2PFinal\DB_Extracts\27-08-2015\SUBSIDIARIES-27082015072332.csv
Aug 27, 2015 7:23:37 PM DataLoader writeLog
INFO: DataExtration Oparation is Completed.
Aug 27, 2015 7:23:37 PM DataLoader writeLog
INFO: Executing query for PurchaseOrderwhere DATE_LAST_MODIFIED >= 2015-08-27 19:16:12
Aug 27, 2015 7:24:48 PM DataLoader writeLog
INFO: Retrieving data for PurchaseOrder
Aug 27, 2015 7:24:50 PM DataLoader writeLog
INFO: Extraction Completed for fact 
Aug 27, 2015 7:24:50 PM DataLoader writeLog
INFO: Uploading SUBSIDIARIES-27082015072332.csv to Amazon S3 bucket kol-kd
Aug 27, 2015 7:24:50 PM DataLoader writeLog
INFO: SUBSIDIARIES-27082015072332.csv transffered successfully.
Aug 27, 2015 7:24:50 PM DataLoader writeLog
INFO: Uploading PurchaseOrder-27082015072448.csv to Amazon S3 bucket kol-kd
Aug 27, 2015 7:24:50 PM DataLoader writeLog
INFO: PurchaseOrder-27082015072448.csv transffered successfully.
Aug 27, 2015 7:24:50 PM DataLoader writeLog
SEVERE: Index: 1, Size: 1
Aug 27, 2015 7:24:50 PM DataLoader writeLog
INFO: All files are transffered successfully.
Aug 27, 2015 7:25:58 PM DataLoader writeLog
INFO: Application Started Successfully
Aug 27, 2015 7:25:58 PM DataLoader writeLog
INFO: DataExtraction Operation Started for DB table SUBSIDIARIES
Aug 27, 2015 7:26:00 PM DataLoader writeLog
INFO: Retrieving data for SUBSIDIARIES
Aug 27, 2015 7:26:01 PM DataLoader writeLog
INFO: DataExtration Oparation for table SUBSIDIARIES is extracted in C:\Scholastic\codes\Sandbox\P2PFinal\DB_Extracts\27-08-2015\SUBSIDIARIES-27082015072600.csv
Aug 27, 2015 7:26:01 PM DataLoader writeLog
INFO: DataExtration Oparation is Completed.
Aug 27, 2015 7:26:01 PM DataLoader writeLog
INFO: Executing query for PurchaseOrderwhere DATE_LAST_MODIFIED >= 2015-08-27 19:24:50
Aug 27, 2015 7:26:08 PM DataLoader writeLog
INFO: Retrieving data for PurchaseOrder
Aug 27, 2015 7:26:10 PM DataLoader writeLog
INFO: Extraction Completed for fact 
Aug 27, 2015 7:26:11 PM DataLoader writeLog
INFO: Uploading SUBSIDIARIES-27082015072600.csv to Amazon S3 bucket kol-kd
Aug 27, 2015 7:26:11 PM DataLoader writeLog
INFO: SUBSIDIARIES-27082015072600.csv transffered successfully.
Aug 27, 2015 7:28:29 PM DataLoader writeLog
INFO: Uploading PurchaseOrder-27082015072608.csv to Amazon S3 bucket kol-kd
Aug 27, 2015 7:28:44 PM DataLoader writeLog
INFO: PurchaseOrder-27082015072608.csv transffered successfully.
Aug 27, 2015 7:44:33 PM DataLoader writeLog
INFO: Application Started Successfully
Aug 27, 2015 7:44:33 PM DataLoader writeLog
INFO: DataExtraction Operation Started for DB table SUBSIDIARIES
Aug 27, 2015 7:44:35 PM DataLoader writeLog
INFO: Retrieving data for SUBSIDIARIES
Aug 27, 2015 7:44:36 PM DataLoader writeLog
INFO: DataExtration Oparation for table SUBSIDIARIES is extracted in C:\Scholastic\codes\Sandbox\P2PFinal\DB_Extracts\27-08-2015\SUBSIDIARIES-27082015074435.csv
Aug 27, 2015 7:44:36 PM DataLoader writeLog
INFO: DataExtration Oparation is Completed.
Aug 27, 2015 7:44:36 PM DataLoader writeLog
INFO: Executing query for PurchaseOrderwhere DATE_LAST_MODIFIED >= 2015-08-27 19:26:10
Aug 27, 2015 7:44:43 PM DataLoader writeLog
INFO: Retrieving data for PurchaseOrder
Aug 27, 2015 7:44:45 PM DataLoader writeLog
INFO: Extraction Completed for fact 
Aug 27, 2015 7:44:45 PM DataLoader writeLog
INFO: Uploading SUBSIDIARIES-27082015074435.csv to Amazon S3 bucket kol-kd
Aug 27, 2015 7:44:45 PM DataLoader writeLog
INFO: SUBSIDIARIES-27082015074435.csv transffered successfully.
Aug 27, 2015 7:44:45 PM DataLoader writeLog
INFO: Uploading PurchaseOrder-27082015074443.csv to Amazon S3 bucket kol-kd
Aug 27, 2015 7:44:45 PM DataLoader writeLog
INFO: PurchaseOrder-27082015074443.csv transffered successfully.
Aug 27, 2015 7:44:45 PM DataLoader writeLog
INFO: All files are transffered successfully.
