Oct 07, 2015 4:44:47 PM DataLoader writeLog
INFO: Application Started Successfully.RunID  of this session is 5
Oct 07, 2015 4:44:47 PM DataLoader writeLog
INFO: RunID 5
DataExtraction Operation Started for DB table CLASSES
Oct 07, 2015 4:45:44 PM DataLoader writeLog
INFO: Application Started Successfully.RunID  of this session is 6
Oct 07, 2015 4:45:44 PM DataLoader writeLog
INFO: RunID 6
DataExtraction Operation Started for DB table CLASSES
Oct 07, 2015 4:47:23 PM DataLoader writeLog
INFO: Application Started Successfully.RunID  of this session is 7
Oct 07, 2015 4:47:23 PM DataLoader writeLog
INFO: RunID 7
DataExtraction Operation Started for DB table CLASSES
Oct 07, 2015 4:47:25 PM DataLoader writeLog
SEVERE: RunID 7
SQL Error!![NetSuite][NetSuite JDBC Driver][OpenAccess SDK SQL Engine]Column:CLASSES not found.[10125]
Oct 07, 2015 4:47:27 PM DataLoader writeLog
INFO: There is an issue while creating the extract of CLASSES. So loading operation is skipped for CLASSES
Oct 07, 2015 4:50:04 PM DataLoader writeLog
INFO: Application Started Successfully.RunID  of this session is 8
Oct 07, 2015 4:50:04 PM DataLoader writeLog
INFO: RunID 8
DataExtraction Operation Started for DB table CLASSES
Oct 07, 2015 4:50:06 PM DataLoader writeLog
INFO: RunID 8
Retrieving data for CLASSES
Oct 07, 2015 4:50:06 PM DataLoader writeLog
SEVERE: RunID 8
SQL Error!![NetSuite][NetSuite JDBC Driver]Column index 11 is out of range.
Oct 07, 2015 4:50:07 PM DataLoader writeLog
INFO: There is an issue while creating the extract of CLASSES. So loading operation is skipped for CLASSES
Oct 07, 2015 4:51:39 PM DataLoader writeLog
INFO: Application Started Successfully.RunID  of this session is 9
Oct 07, 2015 4:51:39 PM DataLoader writeLog
INFO: RunID 9
DataExtraction Operation Started for DB table CLASSES
Oct 07, 2015 5:07:57 PM DataLoader writeLog
INFO: RunID 9
Retrieving data for CLASSES
Oct 07, 2015 5:19:13 PM DataLoader writeLog
INFO: RunID 9
DataExtraction Operation Started for DB table CLASSES
Oct 07, 2015 5:19:36 PM DataLoader writeLog
INFO: RunID 9
Retrieving data for CLASSES
Oct 07, 2015 5:21:32 PM DataLoader writeLog
INFO: RunID 9
DataExtraction Operation Started for DB table CLASSES
Oct 07, 2015 5:21:36 PM DataLoader writeLog
INFO: RunID 9
Retrieving data for CLASSES
Oct 07, 2015 5:23:34 PM DataLoader writeLog
INFO: RunID 9
DataExtraction Operation Started for DB table CLASSES
Oct 07, 2015 5:23:39 PM DataLoader writeLog
INFO: RunID 9
Retrieving data for CLASSES
Oct 07, 2015 5:25:26 PM DataLoader writeLog
INFO: RunID 9
DataExtraction Operation Started for DB table CLASSES
Oct 07, 2015 5:25:32 PM DataLoader writeLog
INFO: RunID 9
Retrieving data for CLASSES
Oct 07, 2015 5:30:05 PM DataLoader writeLog
INFO: Application Started Successfully.RunID  of this session is 10
Oct 07, 2015 5:30:05 PM DataLoader writeLog
INFO: RunID 10
DataExtraction Operation Started for DB table CLASSES
Oct 07, 2015 5:30:32 PM DataLoader writeLog
INFO: RunID 10
Retrieving data for CLASSES
Oct 07, 2015 5:31:55 PM DataLoader writeLog
INFO: Application Started Successfully.RunID  of this session is 11
Oct 07, 2015 5:31:55 PM DataLoader writeLog
INFO: RunID 11
DataExtraction Operation Started for DB table CLASSES
Oct 07, 2015 5:31:57 PM DataLoader writeLog
INFO: RunID 11
Retrieving data for CLASSES
Oct 07, 2015 5:31:58 PM DataLoader writeLog
INFO: RunID  No.11
DataExtration Oparation for table CLASSES is extracted in C:\sumanta\bkp\7-10-2015\P2PFinal\DB_Extracts\07-10-2015\CLASSES-RunID-11-07102015053157.csv
Oct 07, 2015 5:31:59 PM DataLoader writeLog
INFO: RunID 11
Uploading CLASSES-RunID-11-07102015053157.csv to Amazon S3 bucket kol-kd
Oct 07, 2015 5:31:59 PM DataLoader writeLog
INFO: RunID 11
CLASSES-RunID-11-07102015053157.csv transffered successfully.
Oct 07, 2015 5:31:59 PM DataLoader writeLog
SEVERE: RunID 11
Index: 0, Size: 0
Oct 07, 2015 5:51:16 PM DataLoader writeLog
INFO: Application Started Successfully.RunID  of this session is 12
Oct 07, 2015 5:51:16 PM DataLoader writeLog
INFO: RunID 12
DataExtraction Operation Started for DB table CLASSES
Oct 07, 2015 5:51:54 PM DataLoader writeLog
INFO: Application Started Successfully.RunID  of this session is 13
Oct 07, 2015 5:51:54 PM DataLoader writeLog
INFO: RunID 13
DataExtraction Operation Started for DB table CLASSES
Oct 07, 2015 5:51:56 PM DataLoader writeLog
INFO: RunID 13
Retrieving data for CLASSES
Oct 07, 2015 6:18:42 PM DataLoader writeLog
INFO: Application Started Successfully.RunID  of this session is 14
Oct 07, 2015 6:18:42 PM DataLoader writeLog
INFO: RunID 14
DataExtraction Operation Started for DB table CLASSES
Oct 07, 2015 6:18:44 PM DataLoader writeLog
INFO: RunID 14
Retrieving data for CLASSES
Oct 07, 2015 6:18:44 PM DataLoader writeLog
INFO: RunID  No.14
DataExtration Oparation for table CLASSES is extracted in C:\sumanta\bkp\7-10-2015\P2PFinal\DB_Extracts\07-10-2015\CLASSES-RunID-14-07102015061844.csv
Oct 07, 2015 6:18:45 PM DataLoader writeLog
INFO: RunID 14
Uploading CLASSES-RunID-14-07102015061844.csv to Amazon S3 bucket kol-kd
Oct 07, 2015 6:18:45 PM DataLoader writeLog
INFO: RunID 14
CLASSES-RunID-14-07102015061844.csv transffered successfully.
Oct 07, 2015 6:18:45 PM DataLoader writeLog
INFO: RedShift Data loading started for CLASSES
Oct 07, 2015 6:19:45 PM DataLoader writeLog
SEVERE: RunID 14
Error occured while loading data from S3 to Redshift Cluster for CLASSES
com.amazon.redshift.jdbc4.Driver
Oct 07, 2015 6:19:45 PM DataLoader writeLog
SEVERE: RunID 14
Index: 0, Size: 0
Oct 07, 2015 6:23:54 PM DataLoader writeLog
INFO: Application Started Successfully.RunID  of this session is 15
Oct 07, 2015 6:23:54 PM DataLoader writeLog
INFO: RunID 15
DataExtraction Operation Started for DB table CLASSES
Oct 07, 2015 6:23:56 PM DataLoader writeLog
INFO: RunID 15
Retrieving data for CLASSES
Oct 07, 2015 6:23:57 PM DataLoader writeLog
INFO: RunID  No.15
DataExtration Oparation for table CLASSES is extracted in C:\sumanta\bkp\7-10-2015\P2PFinal\DB_Extracts\07-10-2015\CLASSES-RunID-15-07102015062356.csv
Oct 07, 2015 6:23:57 PM DataLoader writeLog
INFO: RunID 15
Uploading CLASSES-RunID-15-07102015062356.csv to Amazon S3 bucket kol-kd
Oct 07, 2015 6:23:57 PM DataLoader writeLog
INFO: RunID 15
CLASSES-RunID-15-07102015062356.csv transffered successfully.
Oct 07, 2015 6:23:57 PM DataLoader writeLog
INFO: RedShift Data loading started for CLASSES
Oct 07, 2015 6:25:00 PM DataLoader writeLog
SEVERE: RunID 15
Error occured while loading data from S3 to Redshift Cluster for CLASSES
[Amazon](500310) Invalid operation: relation "classes" does not exist;
Oct 07, 2015 6:25:00 PM DataLoader writeLog
INFO: RunID 15
Out of 2tables 0 tables are loaded successfully. 
 Program will try to load all the failure tables in the next run
Oct 07, 2015 6:27:06 PM DataLoader writeLog
INFO: Application Started Successfully.RunID  of this session is 16
Oct 07, 2015 6:27:06 PM DataLoader writeLog
INFO: RunID 16
DataExtraction Operation Started for DB table CLASSES
Oct 07, 2015 6:27:08 PM DataLoader writeLog
INFO: RunID 16
Retrieving data for CLASSES
Oct 07, 2015 6:27:46 PM DataLoader writeLog
INFO: RunID  No.16
DataExtration Oparation for table CLASSES is extracted in C:\sumanta\bkp\7-10-2015\P2PFinal\DB_Extracts\07-10-2015\CLASSES-RunID-16-07102015062708.csv
Oct 07, 2015 6:27:55 PM DataLoader writeLog
INFO: RunID 16
Uploading CLASSES-RunID-16-07102015062708.csv to Amazon S3 bucket kol-kd
Oct 07, 2015 6:27:55 PM DataLoader writeLog
INFO: RunID 16
CLASSES-RunID-16-07102015062708.csv transffered successfully.
Oct 07, 2015 6:27:55 PM DataLoader writeLog
INFO: RedShift Data loading started for CLASSES
Oct 07, 2015 6:28:58 PM DataLoader writeLog
SEVERE: RunID 16
Error occured while loading data from S3 to Redshift Cluster for CLASSES
[Amazon](500310) Invalid operation: relation "classes" does not exist;
Oct 07, 2015 6:28:58 PM DataLoader writeLog
INFO: RunID 16
Out of 2tables 0 tables are loaded successfully. 
 Program will try to load all the failure tables in the next run
Oct 07, 2015 6:29:58 PM DataLoader writeLog
INFO: Application Started Successfully.RunID  of this session is 17
Oct 07, 2015 6:29:58 PM DataLoader writeLog
INFO: RunID 17
DataExtraction Operation Started for DB table CLASSES
Oct 07, 2015 6:30:00 PM DataLoader writeLog
INFO: RunID 17
Retrieving data for CLASSES
Oct 07, 2015 6:30:00 PM DataLoader writeLog
INFO: RunID  No.17
DataExtration Oparation for table CLASSES is extracted in C:\sumanta\bkp\7-10-2015\P2PFinal\DB_Extracts\07-10-2015\CLASSES-RunID-17-07102015063000.csv
Oct 07, 2015 6:30:01 PM DataLoader writeLog
INFO: RunID 17
Uploading CLASSES-RunID-17-07102015063000.csv to Amazon S3 bucket kol-kd
Oct 07, 2015 6:30:01 PM DataLoader writeLog
INFO: RunID 17
CLASSES-RunID-17-07102015063000.csv transffered successfully.
Oct 07, 2015 6:30:01 PM DataLoader writeLog
INFO: RedShift Data loading started for CLASSES
Oct 07, 2015 6:31:04 PM DataLoader writeLog
SEVERE: RunID 17
Error occured while loading data from S3 to Redshift Cluster for CLASSES
[Amazon](500310) Invalid operation: relation "classes" does not exist;
Oct 07, 2015 6:31:04 PM DataLoader writeLog
INFO: RunID 17
Out of 2tables 0 tables are loaded successfully. 
 Program will try to load all the failure tables in the next run
Oct 07, 2015 6:32:17 PM DataLoader writeLog
INFO: Application Started Successfully.RunID  of this session is 18
Oct 07, 2015 6:32:17 PM DataLoader writeLog
INFO: RunID 18
DataExtraction Operation Started for DB table CLASSES
Oct 07, 2015 6:32:19 PM DataLoader writeLog
INFO: RunID 18
Retrieving data for CLASSES
Oct 07, 2015 6:32:19 PM DataLoader writeLog
INFO: RunID  No.18
DataExtration Oparation for table CLASSES is extracted in C:\sumanta\bkp\7-10-2015\P2PFinal\DB_Extracts\07-10-2015\CLASSES-RunID-18-07102015063219.csv
Oct 07, 2015 6:32:20 PM DataLoader writeLog
INFO: RunID 18
Uploading CLASSES-RunID-18-07102015063219.csv to Amazon S3 bucket kol-kd
Oct 07, 2015 6:32:20 PM DataLoader writeLog
INFO: RunID 18
CLASSES-RunID-18-07102015063219.csv transffered successfully.
Oct 07, 2015 6:32:36 PM DataLoader writeLog
INFO: RedShift Data loading started for CLASSES
Oct 07, 2015 6:35:33 PM DataLoader writeLog
INFO: RedShift Data loading started for CLASSES
Oct 07, 2015 6:38:45 PM DataLoader writeLog
INFO: Application Started Successfully.RunID  of this session is 19
Oct 07, 2015 6:38:45 PM DataLoader writeLog
INFO: RunID 19
DataExtraction Operation Started for DB table CLASSES
Oct 07, 2015 6:38:47 PM DataLoader writeLog
INFO: RunID 19
Retrieving data for CLASSES
Oct 07, 2015 6:38:47 PM DataLoader writeLog
INFO: RunID  No.19
DataExtration Oparation for table CLASSES is extracted in C:\sumanta\bkp\7-10-2015\P2PFinal\DB_Extracts\07-10-2015\CLASSES-RunID-19-07102015063847.csv
Oct 07, 2015 6:38:48 PM DataLoader writeLog
INFO: RunID 19
Uploading CLASSES-RunID-19-07102015063847.csv to Amazon S3 bucket kol-kd
Oct 07, 2015 6:38:48 PM DataLoader writeLog
INFO: RunID 19
CLASSES-RunID-19-07102015063847.csv transffered successfully.
Oct 07, 2015 6:38:48 PM DataLoader writeLog
INFO: RedShift Data loading started for CLASSES
Oct 07, 2015 6:50:47 PM DataLoader writeLog
INFO: Application Started Successfully.RunID  of this session is 20
Oct 07, 2015 6:50:47 PM DataLoader writeLog
INFO: RunID 20
DataExtraction Operation Started for DB table CLASSES
Oct 07, 2015 6:50:48 PM DataLoader writeLog
INFO: RunID 20
Retrieving data for CLASSES
Oct 07, 2015 6:50:49 PM DataLoader writeLog
INFO: RunID  No.20
DataExtration Oparation for table CLASSES is extracted in C:\sumanta\bkp\7-10-2015\P2PFinal\DB_Extracts\07-10-2015\CLASSES-RunID-20-07102015065048.csv
Oct 07, 2015 6:50:50 PM DataLoader writeLog
INFO: RunID 20
Uploading CLASSES-RunID-20-07102015065048.csv to Amazon S3 bucket kol-kd
Oct 07, 2015 6:50:50 PM DataLoader writeLog
INFO: RunID 20
CLASSES-RunID-20-07102015065048.csv transffered successfully.
Oct 07, 2015 6:50:50 PM DataLoader writeLog
INFO: RedShift Data loading started for CLASSES
Oct 07, 2015 6:54:59 PM DataLoader writeLog
INFO: Executing Query..
copy dw_prestage.CLASSES from 's3://kol-kd/07-10-2015/CLASSES-RunID-19-07102015063847.csv' credentials 'aws_access_key_id=AKIAIV5OYYAGFGTEELSA;aws_secret_access_key=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' csv IGNOREHEADER 1;
Oct 07, 2015 6:55:00 PM DataLoader writeLog
INFO: Executing Query..
copy dw_prestage.CLASSES from 's3://kol-kd/07-10-2015/CLASSES-RunID-20-07102015065048.csv' credentials 'aws_access_key_id=AKIAIV5OYYAGFGTEELSA;aws_secret_access_key=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' csv IGNOREHEADER 1;
Oct 07, 2015 6:55:02 PM DataLoader writeLog
SEVERE: RunID 20
Error occured while loading data from S3 to Redshift Cluster for CLASSES
[Amazon](500310) Invalid operation: Load into table 'classes' failed.  Check 'stl_load_errors' system table for details.;
Oct 07, 2015 6:55:02 PM DataLoader writeLog
INFO: RunID 20
Out of 2tables 0 tables are loaded successfully. 
 Program will try to load all the failure tables in the next run
Oct 07, 2015 6:55:02 PM DataLoader writeLog
SEVERE: RunID 19
Error occured while loading data from S3 to Redshift Cluster for CLASSES
[Amazon](500310) Invalid operation: Load into table 'classes' failed.  Check 'stl_load_errors' system table for details.;
Oct 07, 2015 6:55:02 PM DataLoader writeLog
INFO: RunID 19
Out of 2tables 0 tables are loaded successfully. 
 Program will try to load all the failure tables in the next run
Oct 07, 2015 7:05:01 PM DataLoader writeLog
INFO: Application Started Successfully.RunID  of this session is 21
Oct 07, 2015 7:05:01 PM DataLoader writeLog
INFO: RunID 21
DataExtraction Operation Started for DB table CLASSES
Oct 07, 2015 7:05:03 PM DataLoader writeLog
INFO: RunID 21
Retrieving data for CLASSES
Oct 07, 2015 7:05:04 PM DataLoader writeLog
INFO: RunID  No.21
DataExtration Oparation for table CLASSES is extracted in C:\sumanta\bkp\7-10-2015\P2PFinal\DB_Extracts\07-10-2015\CLASSES-RunID-21-07102015070503.csv
Oct 07, 2015 7:05:04 PM DataLoader writeLog
INFO: RunID 21
Uploading CLASSES-RunID-21-07102015070503.csv to Amazon S3 bucket kol-kd
Oct 07, 2015 7:05:04 PM DataLoader writeLog
INFO: RunID 21
CLASSES-RunID-21-07102015070503.csv transffered successfully.
Oct 07, 2015 7:05:04 PM DataLoader writeLog
INFO: RedShift Data loading started for CLASSES
Oct 07, 2015 7:06:06 PM DataLoader writeLog
INFO: Executing Query..
copy dw_prestage.CLASSES from 's3://kol-kd/07-10-2015/CLASSES-RunID-21-07102015070503.csv' credentials 'aws_access_key_id=AKIAIV5OYYAGFGTEELSA;aws_secret_access_key=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' escape removequotes delimiter as ',' IGNOREHEADER 1 ACCEPTINVCHARS;
Oct 07, 2015 7:06:08 PM DataLoader writeLog
SEVERE: RunID 21
Error occured while loading data from S3 to Redshift Cluster for CLASSES
[Amazon](500310) Invalid operation: Load into table 'classes' failed.  Check 'stl_load_errors' system table for details.;
Oct 07, 2015 7:06:08 PM DataLoader writeLog
INFO: RunID 21
Out of 2tables 0 tables are loaded successfully. 
 Program will try to load all the failure tables in the next run
Oct 07, 2015 8:07:13 PM DataLoader writeLog
INFO: Application Started Successfully.RunID  of this session is 22
Oct 07, 2015 8:07:13 PM DataLoader writeLog
INFO: RunID 22
DataExtraction Operation Started for DB table CLASSES
Oct 07, 2015 8:07:14 PM DataLoader writeLog
INFO: RunID 22
Retrieving data for CLASSES
Oct 07, 2015 8:07:15 PM DataLoader writeLog
INFO: RunID  No.22
DataExtration Oparation for table CLASSES is extracted in C:\sumanta\bkp\7-10-2015\P2PFinal\DB_Extracts\07-10-2015\CLASSES-RunID-22-07102015080714.csv
Oct 07, 2015 8:07:16 PM DataLoader writeLog
INFO: RunID 22
Uploading CLASSES-RunID-22-07102015080714.csv to Amazon S3 bucket kol-kd
Oct 07, 2015 8:07:16 PM DataLoader writeLog
INFO: RunID 22
CLASSES-RunID-22-07102015080714.csv transffered successfully.
Oct 07, 2015 8:07:16 PM DataLoader writeLog
INFO: RedShift Data loading started for CLASSES
Oct 07, 2015 8:08:19 PM DataLoader writeLog
INFO: Executing Query..
copy dw_prestage.CLASSES from 's3://kol-kd/07-10-2015/CLASSES-RunID-22-07102015080714.csv' credentials 'aws_access_key_id=AKIAIV5OYYAGFGTEELSA;aws_secret_access_key=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' timeformat 'YYYY-MM-DD HH:MI:SS' escape removequotes delimiter as ',' IGNOREHEADER 1 ACCEPTINVCHARS;
Oct 07, 2015 8:08:21 PM DataLoader writeLog
INFO: RedShift Data loading is completed successfully for CLASSES
Oct 07, 2015 8:08:21 PM DataLoader writeLog
INFO: RunID 22
All tables are loaded sucessfully
Oct 07, 2015 8:15:28 PM DataLoader writeLog
INFO: Application Started Successfully.RunID  of this session is 23
Oct 07, 2015 8:15:28 PM DataLoader writeLog
INFO: RunID 23
DataExtraction Operation Started for DB table CLASSES
Oct 07, 2015 8:15:29 PM DataLoader writeLog
INFO: RunID 23
Retrieving data for CLASSES
Oct 07, 2015 8:15:30 PM DataLoader writeLog
INFO: RunID  No.23
DataExtration Oparation for table CLASSES is extracted in C:\sumanta\bkp\7-10-2015\P2PFinal\DB_Extracts\07-10-2015\CLASSES-RunID-23-07102015081529.csv
Oct 07, 2015 8:15:30 PM DataLoader writeLog
INFO: RunID 23
DataExtraction Operation Started for DB table CURRENCIES
Oct 07, 2015 8:15:31 PM DataLoader writeLog
INFO: RunID 23
Retrieving data for CURRENCIES
Oct 07, 2015 8:15:31 PM DataLoader writeLog
INFO: RunID  No.23
DataExtration Oparation for table CURRENCIES is extracted in C:\sumanta\bkp\7-10-2015\P2PFinal\DB_Extracts\07-10-2015\CURRENCIES-RunID-23-07102015081531.csv
Oct 07, 2015 8:15:32 PM DataLoader writeLog
INFO: RunID 23
Uploading CLASSES-RunID-23-07102015081529.csv to Amazon S3 bucket kol-kd
Oct 07, 2015 8:15:32 PM DataLoader writeLog
INFO: RunID 23
CLASSES-RunID-23-07102015081529.csv transffered successfully.
Oct 07, 2015 8:15:32 PM DataLoader writeLog
INFO: RedShift Data loading started for CLASSES
Oct 07, 2015 8:16:44 PM DataLoader writeLog
INFO: RunID 23
Uploading CURRENCIES-RunID-23-07102015081531.csv to Amazon S3 bucket kol-kd
Oct 07, 2015 8:16:44 PM DataLoader writeLog
INFO: RunID 23
CURRENCIES-RunID-23-07102015081531.csv transffered successfully.
Oct 07, 2015 8:16:44 PM DataLoader writeLog
INFO: RedShift Data loading started for CURRENCIES
