Aug 20, 2015 6:01:14 PM DataLoader writeLog
INFO: Application Started Successfully
Aug 20, 2015 6:03:53 PM DataLoader writeLog
INFO: Application Started Successfully
Aug 20, 2015 6:03:53 PM DataLoader writeLog
INFO: DataExtraction Operation Started for DB table LOCATIONS
Aug 20, 2015 6:03:53 PM DataLoader writeLog
INFO: DataExtraction Operation Started for DB table EMPLOYEES
Aug 20, 2015 6:03:53 PM DataLoader writeLog
INFO: DataExtration Oparation is Completed.
Aug 20, 2015 6:11:41 PM DataLoader writeLog
INFO: Application Started Successfully
Aug 20, 2015 6:13:01 PM DataLoader writeLog
INFO: DataExtraction Operation Started for DB table LOCATIONS
Aug 20, 2015 6:34:23 PM DataLoader writeLog
INFO: Application Started Successfully
Aug 20, 2015 6:34:23 PM DataLoader writeLog
INFO: DataExtraction Operation Started for DB table LOCATIONS
Aug 20, 2015 6:34:24 PM DataLoader writeLog
INFO: Retrieving data for LOCATIONS
Aug 20, 2015 6:34:25 PM DataLoader writeLog
INFO: DataExtration Oparation for table LOCATIONS is extracted in C:\Scholastic\codes\Sandbox\P2PFinal\DB_Extracts\20-08-2015\LOCATIONS-20082015063424.csv
Aug 20, 2015 6:34:25 PM DataLoader writeLog
INFO: DataExtraction Operation Started for DB table EMPLOYEES
Aug 20, 2015 6:34:26 PM DataLoader writeLog
INFO: Retrieving data for EMPLOYEES
Aug 20, 2015 6:34:27 PM DataLoader writeLog
INFO: DataExtration Oparation for table EMPLOYEES is extracted in C:\Scholastic\codes\Sandbox\P2PFinal\DB_Extracts\20-08-2015\EMPLOYEES-20082015063426.csv
Aug 20, 2015 6:34:27 PM DataLoader writeLog
INFO: DataExtration Oparation is Completed.
Aug 20, 2015 6:34:59 PM DataLoader writeLog
INFO: Application Started Successfully
Aug 20, 2015 6:34:59 PM DataLoader writeLog
INFO: DataExtraction Operation Started for DB table LOCATIONS
Aug 20, 2015 6:35:01 PM DataLoader writeLog
INFO: Retrieving data for LOCATIONS
Aug 20, 2015 6:35:02 PM DataLoader writeLog
INFO: DataExtration Oparation for table LOCATIONS is extracted in C:\Scholastic\codes\Sandbox\P2PFinal\DB_Extracts\20-08-2015\LOCATIONS-20082015063501.csv
Aug 20, 2015 6:35:02 PM DataLoader writeLog
INFO: DataExtraction Operation Started for DB table EMPLOYEES
Aug 20, 2015 6:35:02 PM DataLoader writeLog
INFO: Retrieving data for EMPLOYEES
Aug 20, 2015 6:35:03 PM DataLoader writeLog
INFO: DataExtration Oparation for table EMPLOYEES is extracted in C:\Scholastic\codes\Sandbox\P2PFinal\DB_Extracts\20-08-2015\EMPLOYEES-20082015063502.csv
Aug 20, 2015 6:35:03 PM DataLoader writeLog
INFO: DataExtration Oparation is Completed.
Aug 20, 2015 6:35:04 PM DataLoader writeLog
INFO: Uploading LOCATIONS-20082015063501.csv to Amazon S3 bucket kol-kd
Aug 20, 2015 6:35:04 PM DataLoader writeLog
INFO: LOCATIONS-20082015063501.csv transffered successfully.
Aug 20, 2015 6:35:04 PM DataLoader writeLog
SEVERE: Cannot format given Object as a Date
Aug 20, 2015 6:35:04 PM DataLoader writeLog
INFO: Uploading EMPLOYEES-20082015063502.csv to Amazon S3 bucket kol-kd
Aug 20, 2015 6:35:04 PM DataLoader writeLog
INFO: EMPLOYEES-20082015063502.csv transffered successfully.
Aug 20, 2015 6:35:04 PM DataLoader writeLog
SEVERE: Cannot format given Object as a Date
Aug 20, 2015 6:35:04 PM DataLoader writeLog
INFO: All files are transffered successfully.
Aug 20, 2015 6:38:38 PM DataLoader writeLog
INFO: Application Started Successfully
Aug 20, 2015 6:38:39 PM DataLoader writeLog
INFO: Uploading LOCATIONS-20082015063501.csv to Amazon S3 bucket kol-kd
Aug 20, 2015 6:38:39 PM DataLoader writeLog
INFO: LOCATIONS-20082015063501.csv transffered successfully.
Aug 20, 2015 6:39:15 PM DataLoader writeLog
INFO: Application Started Successfully
Aug 20, 2015 6:39:16 PM DataLoader writeLog
INFO: Uploading LOCATIONS-20082015063501.csv to Amazon S3 bucket kol-kd
Aug 20, 2015 6:39:16 PM DataLoader writeLog
INFO: LOCATIONS-20082015063501.csv transffered successfully.
Aug 20, 2015 6:39:16 PM DataLoader writeLog
SEVERE: Index: 0, Size: 0
Aug 20, 2015 6:39:16 PM DataLoader writeLog
INFO: Uploading EMPLOYEES-20082015063502.csv to Amazon S3 bucket kol-kd
Aug 20, 2015 6:39:16 PM DataLoader writeLog
INFO: EMPLOYEES-20082015063502.csv transffered successfully.
Aug 20, 2015 6:39:16 PM DataLoader writeLog
SEVERE: Index: 1, Size: 0
Aug 20, 2015 6:39:16 PM DataLoader writeLog
INFO: All files are transffered successfully.
Aug 20, 2015 6:39:36 PM DataLoader writeLog
INFO: Application Started Successfully
Aug 20, 2015 6:39:36 PM DataLoader writeLog
INFO: Uploading LOCATIONS-20082015063501.csv to Amazon S3 bucket kol-kd
Aug 20, 2015 6:39:36 PM DataLoader writeLog
INFO: LOCATIONS-20082015063501.csv transffered successfully.
Aug 20, 2015 6:42:23 PM DataLoader writeLog
INFO: Application Started Successfully
Aug 20, 2015 6:42:23 PM DataLoader writeLog
INFO: Uploading LOCATIONS-20082015063501.csv to Amazon S3 bucket kol-kd
Aug 20, 2015 6:42:23 PM DataLoader writeLog
INFO: LOCATIONS-20082015063501.csv transffered successfully.
Aug 20, 2015 6:42:23 PM DataLoader writeLog
SEVERE: Index: 0, Size: 0
Aug 20, 2015 6:42:23 PM DataLoader writeLog
INFO: Uploading EMPLOYEES-20082015063502.csv to Amazon S3 bucket kol-kd
Aug 20, 2015 6:42:23 PM DataLoader writeLog
INFO: EMPLOYEES-20082015063502.csv transffered successfully.
Aug 20, 2015 6:42:23 PM DataLoader writeLog
SEVERE: Index: 1, Size: 0
Aug 20, 2015 6:42:23 PM DataLoader writeLog
INFO: All files are transffered successfully.
Aug 20, 2015 6:43:21 PM DataLoader writeLog
INFO: Application Started Successfully
Aug 20, 2015 6:43:22 PM DataLoader writeLog
INFO: Uploading LOCATIONS-20082015063501.csv to Amazon S3 bucket kol-kd
Aug 20, 2015 6:43:22 PM DataLoader writeLog
INFO: LOCATIONS-20082015063501.csv transffered successfully.
Aug 20, 2015 6:44:54 PM DataLoader writeLog
INFO: Application Started Successfully
Aug 20, 2015 6:44:55 PM DataLoader writeLog
INFO: Uploading LOCATIONS-20082015063501.csv to Amazon S3 bucket kol-kd
Aug 20, 2015 6:44:55 PM DataLoader writeLog
INFO: LOCATIONS-20082015063501.csv transffered successfully.
