#
# A fatal error has been detected by the Java Runtime Environment:
#
#  EXCEPTION_ACCESS_VIOLATION (0xc0000005) at pc=0x54196100, pid=9400, tid=9152
#
# JRE version: Java(TM) SE Runtime Environment (7.0_79-b15) (build 1.7.0_79-b15)
# Java VM: Java HotSpot(TM) Client VM (24.79-b02 mixed mode windows-x86 )
# Problematic frame:
# V  [jvm.dll+0x36100]
#
# Failed to write core dump. Minidumps are not enabled by default on client versions of Windows
#
# If you would like to submit a bug report, please visit:
#   http://bugreport.java.com/bugreport/crash.jsp
#

---------------  T H R E A D  ---------------

Current thread (0x00f35400):  JavaThread "JDWP Transport Listener: dt_socket" daemon [_thread_in_vm, id=9152, stack(0x18690000,0x186e0000)]

siginfo: ExceptionCode=0xc0000005, reading address 0x00000008

Registers:
EAX=0x040b3cd8, EBX=0x00f35400, ECX=0x00000000, EDX=0x00000000
ESP=0x186df6b4, EBP=0x186df6b8, ESI=0x00000000, EDI=0x6707e15c
EIP=0x54196100, EFLAGS=0x00010246

Top of Stack: (sp=0x186df6b4)
0x186df6b4:   00f35530 186df6e0 54222b96 040b3cd8
0x186df6c4:   6707e15c 00f35530 6707e174 00f35400
0x186df6d4:   00000000 00f35530 186df7a4 6707e99c
0x186df6e4:   670663b2 00f35530 040b3cd8 00000000
0x186df6f4:   186df718 186df7a4 00f8cd08 186df754
0x186df704:   00f88a98 186df724 6706bd27 186df724
0x186df714:   186df758 6707e890 67265004 67082c68
0x186df724:   00f7d0c0 0000000b 186d0000 00000013 

Instructions: (pc=0x54196100)
0x541960e0:   8b 0d 24 9d 49 54 85 c9 7e 05 8b 0c 01 eb 02 33
0x541960f0:   c9 8b 15 28 9d 49 54 85 d2 7e 05 8b 04 02 eb 03
0x54196100:   8b 46 08 85 c0 75 0f 33 c9 50 51 e8 80 a0 15 00
0x54196110:   83 c4 08 5e 5d c3 8d 4c 4e 0c 50 51 e8 6f a0 15 


Register to memory mapping:

EAX=
[error occurred during error reporting (printing register info), id 0xc0000005]

Stack: [0x18690000,0x186e0000],  sp=0x186df6b4,  free space=317k
Native frames: (J=compiled Java code, j=interpreted, Vv=VM code, C=native code)
V  [jvm.dll+0x36100]
V  [jvm.dll+0xc2b96]


---------------  P R O C E S S  ---------------

Java Threads: ( => current thread )
  0x00f51000 JavaThread "Service Thread" daemon [_thread_blocked, id=9780, stack(0x18620000,0x18670000)]
  0x00f55c00 JavaThread "C1 CompilerThread0" daemon [_thread_blocked, id=8044, stack(0x18840000,0x18890000)]
  0x00f38800 JavaThread "JDWP Command Reader" daemon [_thread_in_native, id=1388, stack(0x18770000,0x187c0000)]
  0x00f37400 JavaThread "JDWP Event Helper Thread" daemon [_thread_blocked, id=9356, stack(0x03fb0000,0x04000000)]
=>0x00f35400 JavaThread "JDWP Transport Listener: dt_socket" daemon [_thread_in_vm, id=9152, stack(0x18690000,0x186e0000)]
  0x00f29000 JavaThread "Attach Listener" daemon [_thread_blocked, id=8000, stack(0x18110000,0x18160000)]
  0x00f26000 JavaThread "Signal Dispatcher" daemon [_thread_blocked, id=6088, stack(0x01200000,0x01250000)]
  0x00ef9400 JavaThread "Finalizer" daemon [_thread_blocked, id=9656, stack(0x18090000,0x180e0000)]
  0x00ef4400 JavaThread "Reference Handler" daemon [_thread_blocked, id=3304, stack(0x03f60000,0x03fb0000)]
  0x005bcc00 JavaThread "main" [_thread_blocked, id=8296, stack(0x00de0000,0x00e30000)]

Other Threads:
  0x00ef1800 VMThread [stack: 0x01130000,0x01180000] [id=7540]
  0x00f6a000 WatcherThread [stack: 0x187f0000,0x18840000] [id=6380]

VM state:not at safepoint (normal execution)

VM Mutex/Monitor currently owned by a thread: None

Heap
 def new generation   total 4928K, used 807K [0x04000000, 0x04550000, 0x09550000)
  eden space 4416K,  18% used [0x04000000, 0x040c9ce0, 0x04450000)
  from space 512K,   0% used [0x04450000, 0x04450000, 0x044d0000)
  to   space 512K,   0% used [0x044d0000, 0x044d0000, 0x04550000)
 tenured generation   total 10944K, used 0K [0x09550000, 0x0a000000, 0x14000000)
   the space 10944K,   0% used [0x09550000, 0x09550000, 0x09550200, 0x0a000000)
 compacting perm gen  total 12288K, used 1635K [0x14000000, 0x14c00000, 0x18000000)
   the space 12288K,  13% used [0x14000000, 0x14198f50, 0x14199000, 0x14c00000)
No shared spaces configured.

Card table byte_map: [0x00e30000,0x00ee0000] byte_map_base: 0x00e10000

Polling page: 0x00580000

Code Cache  [0x01ec0000, 0x01f60000, 0x03ec0000)
 total_blobs=134 nmethods=14 adapters=66 free_code_cache=32157Kb largest_free_block=32929728

Compilation events (10 events):
Event: 284.972 Thread 0x00f55c00   10             sun.nio.cs.SingleByte$Decoder::decode (11 bytes)
Event: 284.973 Thread 0x00f55c00 nmethod 10 0x01f52008 code [0x01f52100, 0x01f521b0]
Event: 284.985 Thread 0x00f55c00   11             java.lang.String::toLowerCase (439 bytes)
Event: 284.987 Thread 0x00f55c00 nmethod 11 0x01f52248 code [0x01f52460, 0x01f52cd0]
Event: 284.990 Thread 0x00f55c00   12   !         java.io.BufferedReader::readLine (304 bytes)
Event: 284.993 Thread 0x00f55c00 nmethod 12 0x01f53888 code [0x01f53a70, 0x01f54b04]
Event: 284.998 Thread 0x00f55c00   13             sun.nio.cs.SingleByte$Decoder::decodeArrayLoop (154 bytes)
Event: 284.999 Thread 0x00f55c00 nmethod 13 0x01f558c8 code [0x01f55ba0, 0x01f564fc]
Event: 285.014 Thread 0x00f55c00   14             sun.net.www.ParseUtil::encodePath (336 bytes)
Event: 285.015 Thread 0x00f55c00 nmethod 14 0x01f578c8 code [0x01f57a70, 0x01f58148]

GC Heap History (0 events):
No events

Deoptimization events (0 events):
No events

Internal exceptions (2 events):
Event: 0.029 Thread 0x005bcc00 Threw 0x0400a1f0 at C:\re\jdk7u79\2331\hotspot\src\share\vm\prims\jni.cpp:3991
Event: 0.263 Thread 0x005bcc00 Threw 0x0406e168 at C:\re\jdk7u79\2331\hotspot\src\share\vm\prims\jvm.cpp:1304

Events (10 events):
Event: 464.423 Executing VM operation: GetCurrentLocation
Event: 464.423 Executing VM operation: GetCurrentLocation done
Event: 464.423 Executing VM operation: ChangeSingleStep
Event: 464.423 Executing VM operation: ChangeSingleStep done
Event: 464.424 Executing VM operation: ChangeSingleStep
Event: 464.424 Executing VM operation: ChangeSingleStep done
Event: 464.442 Executing VM operation: GetOrSetLocal
Event: 464.443 Executing VM operation: GetOrSetLocal done
Event: 464.448 Executing VM operation: GetOrSetLocal
Event: 464.448 Executing VM operation: GetOrSetLocal done


Dynamic libraries:
0x01280000 - 0x012af000 	C:\Program Files\Java\jdk1.7.0_79\bin\javaw.exe
0x77960000 - 0x77a9c000 	C:\Windows\SYSTEM32\ntdll.dll
0x75df0000 - 0x75ec4000 	C:\Windows\system32\kernel32.dll
0x75b70000 - 0x75bbb000 	C:\Windows\system32\KERNELBASE.dll
0x759a0000 - 0x75a12000 	C:\Windows\System32\SYSFER.DLL
0x76fc0000 - 0x77060000 	C:\Windows\system32\ADVAPI32.dll
0x77620000 - 0x776cc000 	C:\Windows\system32\msvcrt.dll
0x77b10000 - 0x77b29000 	C:\Windows\SYSTEM32\sechost.dll
0x76c20000 - 0x76cc1000 	C:\Windows\system32\RPCRT4.dll
0x77270000 - 0x77339000 	C:\Windows\system32\USER32.dll
0x76bd0000 - 0x76c1e000 	C:\Windows\system32\GDI32.dll
0x77af0000 - 0x77afa000 	C:\Windows\system32\LPK.dll
0x776d0000 - 0x7776d000 	C:\Windows\system32\USP10.dll
0x74980000 - 0x74b1e000 	C:\Windows\WinSxS\x86_microsoft.windows.common-controls_6595b64144ccf1df_6.0.7601.17514_none_41e6975e2bd6f2b2\COMCTL32.dll
0x77060000 - 0x770b7000 	C:\Windows\system32\SHLWAPI.dll
0x75ed0000 - 0x75eef000 	C:\Windows\system32\IMM32.DLL
0x76cd0000 - 0x76d9c000 	C:\Windows\system32\MSCTF.dll
0x64d00000 - 0x64dbf000 	C:\Program Files\Java\jdk1.7.0_79\jre\bin\msvcr100.dll
0x54160000 - 0x544e9000 	C:\Program Files\Java\jdk1.7.0_79\jre\bin\client\jvm.dll
0x72570000 - 0x72577000 	C:\Windows\system32\WSOCK32.dll
0x75ef0000 - 0x75f25000 	C:\Windows\system32\WS2_32.dll
0x77aa0000 - 0x77aa6000 	C:\Windows\system32\NSI.dll
0x73b70000 - 0x73ba2000 	C:\Windows\system32\WINMM.dll
0x77ae0000 - 0x77ae5000 	C:\Windows\system32\PSAPI.DLL
0x68040000 - 0x6804c000 	C:\Program Files\Java\jdk1.7.0_79\jre\bin\verify.dll
0x67370000 - 0x67390000 	C:\Program Files\Java\jdk1.7.0_79\jre\bin\java.dll
0x67060000 - 0x6708a000 	C:\Program Files\Java\jdk1.7.0_79\jre\bin\jdwp.dll
0x672d0000 - 0x672d7000 	C:\Program Files\Java\jdk1.7.0_79\jre\bin\npt.dll
0x671d0000 - 0x671e3000 	C:\Program Files\Java\jdk1.7.0_79\jre\bin\zip.dll
0x67260000 - 0x67268000 	C:\Program Files\Java\jdk1.7.0_79\jre\bin\dt_socket.dll
0x73a00000 - 0x73a10000 	C:\Windows\system32\NLAapi.dll
0x6f470000 - 0x6f480000 	C:\Windows\system32\napinsp.dll
0x6f450000 - 0x6f462000 	C:\Windows\system32\pnrpnsp.dll
0x75480000 - 0x754bc000 	C:\Windows\System32\mswsock.dll
0x75340000 - 0x75384000 	C:\Windows\system32\DNSAPI.dll
0x6f440000 - 0x6f448000 	C:\Windows\System32\winrnr.dll
0x6f410000 - 0x6f431000 	C:\Program Files\Bonjour\mdnsNSP.dll
0x731f0000 - 0x7320c000 	C:\Windows\system32\Iphlpapi.DLL
0x731e0000 - 0x731e7000 	C:\Windows\system32\WINNSI.DLL
0x72bf0000 - 0x72c28000 	C:\Windows\System32\fwpuclnt.dll
0x6f3c0000 - 0x6f3c6000 	C:\Windows\system32\rasadhlp.dll
0x74fe0000 - 0x74fe5000 	C:\Windows\System32\wshtcpip.dll
0x72ce0000 - 0x72dcb000 	C:\Windows\system32\dbghelp.dll

VM Arguments:
jvm_args: -agentlib:jdwp=transport=dt_socket,suspend=y,address=localhost:60880 -Dfile.encoding=Cp1252 
java_command: com.tcs.scholastic.p2p.DataLoader
Launcher Type: SUN_STANDARD

Environment Variables:
JAVA_HOME=C:\Program Files\Java\jdk1.7.0_79
CLASSPATH=C:\tibco\tibrv\8.3\lib\tibrvnative.jar;C:\Program Files\NetSuite\NetSuite JDBC Drivers\NQjc.jar
PATH=C:\Program Files\Java\jdk1.7.0_79\jre\bin;C:/Program Files/Java/jre1.8.0_45/bin/client;C:/Program Files/Java/jre1.8.0_45/bin;C:/Program Files/Java/jre1.8.0_45/lib/i386;C:\ProgramData\Oracle\Java\javapath;C:\tibco\tibrv\8.3\bin;C:\Oracle\product\11.2.0\client_1\bin;C:\Windows\system32;C:\Windows;C:\Windows\System32\Wbem;C:\Windows\System32\WindowsPowerShell\v1.0\;C:\Program Files\Toshiba\Bluetooth Toshiba Stack\sys\;C:\Program Files\Interactive Intelligence\;C:\Program Files\Interactive Intelligence\ICUserApps\;C:\Program Files\Riverbed\Steelhead Mobile\;C:\Program Files\TortoiseSVN\bin;JAVA_HOME/bin;C:\Program Files\Java\jdk1.7.0_79\bin;C:\Scholastic\Softwares\eclipse;
USERNAME=z991783
OS=Windows_NT
PROCESSOR_IDENTIFIER=x86 Family 6 Model 42 Stepping 7, GenuineIntel



---------------  S Y S T E M  ---------------

OS: Windows 7 Build 7601 Service Pack 1

CPU:total 4 (2 cores per cpu, 2 threads per core) family 6 model 42 stepping 7, cmov, cx8, fxsr, mmx, sse, sse2, sse3, ssse3, sse4.1, sse4.2, popcnt, avx, aes, ht, tsc, tscinvbit

Memory: 4k page, physical 2786716k(666980k free), swap 6317024k(1214640k free)

vm_info: Java HotSpot(TM) Client VM (24.79-b02) for windows-x86 JRE (1.7.0_79-b15), built on Apr 10 2015 16:49:13 by "java_re" with unknown MS VC++:1600

time: Tue Aug 11 17:16:49 2015
elapsed time: 464 seconds

