Dec 15, 2015 5:09:49 PM DataLoader writeLog
INFO: Application Started Successfully.RunID  of this session is 38
Dec 15, 2015 5:09:49 PM DataLoader writeLog
INFO: RunID 38
DataExtraction Operation Started for DB table CLASSES
Dec 15, 2015 5:09:51 PM DataLoader writeLog
INFO: RunID 38
Retrieving data for CLASSES
Dec 15, 2015 5:09:51 PM DataLoader writeLog
INFO: RunID  No.38
DataExtration Oparation for table CLASSES is extracted in D:\Sumanta\workspace\P2PFinal\DB_Extracts\15-12-2015\CLASSES-RunID-38-15122015050951.csv
Dec 15, 2015 5:11:06 PM DataLoader writeLog
INFO: Application Started Successfully.RunID  of this session is 39
Dec 15, 2015 5:11:06 PM DataLoader writeLog
INFO: RunID 39
DataExtraction Operation Started for DB table CLASSES
Dec 15, 2015 5:11:07 PM DataLoader writeLog
INFO: RunID 39
Retrieving data for CLASSES
Dec 15, 2015 5:11:08 PM DataLoader writeLog
INFO: RunID  No.39
DataExtration Oparation for table CLASSES is extracted in D:\Sumanta\workspace\P2PFinal\DB_Extracts\15-12-2015\CLASSES-RunID-39-15122015051107.csv
Dec 15, 2015 5:23:20 PM DataLoader writeLog
INFO: Application Started Successfully.RunID  of this session is 40
Dec 15, 2015 5:23:20 PM DataLoader writeLog
INFO: RunID 40
DataExtraction Operation Started for DB table CLASSES
Dec 15, 2015 5:23:27 PM DataLoader writeLog
INFO: RunID 40
Retrieving data for CLASSES
Dec 15, 2015 5:23:28 PM DataLoader writeLog
INFO: RunID  No.40
DataExtration Oparation for table CLASSES is extracted in D:\Sumanta\workspace\P2PFinal\DB_Extracts\15-12-2015\CLASSES-RunID-40-15122015052327.csv
Dec 15, 2015 5:26:29 PM DataLoader writeLog
INFO: Application Started Successfully.RunID  of this session is 41
Dec 15, 2015 5:26:29 PM DataLoader writeLog
INFO: RunID 41
DataExtraction Operation Started for DB table CLASSES
Dec 15, 2015 5:26:37 PM DataLoader writeLog
INFO: RunID 41
Retrieving data for CLASSES
Dec 15, 2015 5:26:37 PM DataLoader writeLog
INFO: RunID  No.41
DataExtration Oparation for table CLASSES is extracted in D:\Sumanta\workspace\P2PFinal\DB_Extracts\15-12-2015\CLASSES-RunID-41-15122015052637.csv
Dec 15, 2015 5:26:39 PM DataLoader writeLog
INFO: RunID 41
Uploading CLASSES-RunID-41-15122015052637.csv to Amazon S3 bucket kol-kd
Dec 15, 2015 5:26:39 PM DataLoader writeLog
INFO: RunID 41
CLASSES-RunID-41-15122015052637.csv transffered successfully.
Dec 15, 2015 5:26:39 PM DataLoader writeLog
INFO: RedShift Data loading started for CLASSES
Dec 15, 2015 5:35:21 PM DataLoader writeLog
INFO: Application Started Successfully.RunID  of this session is 42
Dec 15, 2015 5:35:21 PM DataLoader writeLog
INFO: RunID 42
DataExtraction Operation Started for DB table CLASSES
Dec 15, 2015 5:35:23 PM DataLoader writeLog
INFO: RunID 42
Retrieving data for CLASSES
Dec 15, 2015 5:35:23 PM DataLoader writeLog
INFO: RunID  No.42
DataExtration Oparation for table CLASSES is extracted in D:\Sumanta\workspace\P2PFinal\DB_Extracts\15-12-2015\CLASSES-RunID-42-15122015053523.csv
Dec 15, 2015 5:35:24 PM DataLoader writeLog
INFO: RunID 42
Uploading CLASSES-RunID-42-15122015053523.csv to Amazon S3 bucket scholastic-edw-dev
Dec 15, 2015 5:35:24 PM DataLoader writeLog
INFO: RunID 42
CLASSES-RunID-42-15122015053523.csv transffered successfully.
Dec 15, 2015 5:35:24 PM DataLoader writeLog
INFO: RedShift Data loading started for CLASSES
Dec 15, 2015 5:36:26 PM DataLoader writeLog
INFO: Application Started Successfully.RunID  of this session is 43
Dec 15, 2015 5:36:36 PM DataLoader writeLog
INFO: RunID 43
DataExtraction Operation Started for DB table CLASSES
Dec 15, 2015 5:36:39 PM DataLoader writeLog
INFO: RunID 43
Retrieving data for CLASSES
Dec 15, 2015 5:36:40 PM DataLoader writeLog
INFO: RunID  No.43
DataExtration Oparation for table CLASSES is extracted in D:\Sumanta\workspace\P2PFinal\DB_Extracts\15-12-2015\CLASSES-RunID-43-15122015053639.csv
Dec 15, 2015 5:38:58 PM DataLoader writeLog
INFO: RunID 43
Uploading CLASSES-RunID-43-15122015053639.csv to Amazon S3 bucket scholastic-edw-dev
Dec 15, 2015 5:40:27 PM DataLoader writeLog
INFO: RunID 43
CLASSES-RunID-43-15122015053639.csv transffered successfully.
Dec 15, 2015 5:40:38 PM DataLoader writeLog
INFO: RedShift Data loading started for CLASSES
Dec 15, 2015 6:16:33 PM DataLoader writeLog
INFO: Application Started Successfully.RunID  of this session is 44
Dec 15, 2015 6:16:43 PM DataLoader writeLog
INFO: RunID 44
DataExtraction Operation Started for DB table CLASSES
Dec 15, 2015 6:16:46 PM DataLoader writeLog
INFO: RunID 44
Retrieving data for CLASSES
Dec 15, 2015 6:16:47 PM DataLoader writeLog
INFO: RunID  No.44
DataExtration Oparation for table CLASSES is extracted in D:\Sumanta\workspace\P2PFinal\DB_Extracts\15-12-2015\CLASSES-RunID-44-15122015061646.csv
Dec 15, 2015 6:17:14 PM DataLoader writeLog
INFO: RunID 44
Uploading CLASSES-RunID-44-15122015061646.csv to Amazon S3 bucket scholastic-edw-dev
Dec 15, 2015 6:17:20 PM DataLoader writeLog
INFO: RunID 44
CLASSES-RunID-44-15122015061646.csv transffered successfully.
Dec 15, 2015 6:17:58 PM DataLoader writeLog
INFO: RedShift Data loading started for CLASSES
Dec 15, 2015 6:20:27 PM DataLoader writeLog
INFO: Application Started Successfully.RunID  of this session is 45
Dec 15, 2015 6:20:30 PM DataLoader writeLog
INFO: RunID 45
DataExtraction Operation Started for DB table CLASSES
Dec 15, 2015 6:20:33 PM DataLoader writeLog
INFO: RunID 45
Retrieving data for CLASSES
Dec 15, 2015 6:20:34 PM DataLoader writeLog
INFO: RunID  No.45
DataExtration Oparation for table CLASSES is extracted in D:\Sumanta\workspace\P2PFinal\DB_Extracts\15-12-2015\CLASSES-RunID-45-15122015062033.csv
Dec 15, 2015 6:21:04 PM DataLoader writeLog
INFO: RunID 45
Uploading CLASSES-RunID-45-15122015062033.csv to Amazon S3 bucket scholastic-edw-dev
Dec 15, 2015 6:21:08 PM DataLoader writeLog
INFO: RunID 45
CLASSES-RunID-45-15122015062033.csv transffered successfully.
Dec 15, 2015 6:21:15 PM DataLoader writeLog
INFO: RedShift Data loading started for CLASSES
Dec 15, 2015 6:25:59 PM DataLoader writeLog
INFO: Application Started Successfully.RunID  of this session is 46
Dec 15, 2015 6:26:18 PM DataLoader writeLog
INFO: RunID 46
DataExtraction Operation Started for DB table CLASSES
Dec 15, 2015 6:26:21 PM DataLoader writeLog
INFO: RunID 46
Retrieving data for CLASSES
Dec 15, 2015 6:26:22 PM DataLoader writeLog
INFO: RunID  No.46
DataExtration Oparation for table CLASSES is extracted in D:\Sumanta\workspace\P2PFinal\DB_Extracts\15-12-2015\CLASSES-RunID-46-15122015062621.csv
Dec 15, 2015 6:28:01 PM DataLoader writeLog
INFO: RunID 46
Uploading CLASSES-RunID-46-15122015062621.csv to Amazon S3 bucket scholastic-edw-dev
Dec 15, 2015 6:28:01 PM DataLoader writeLog
INFO: RunID 46
CLASSES-RunID-46-15122015062621.csv transffered successfully.
Dec 15, 2015 6:28:01 PM DataLoader writeLog
INFO: RedShift Data loading started for CLASSES
Dec 15, 2015 6:31:03 PM DataLoader writeLog
INFO: Application Started Successfully.RunID  of this session is 47
Dec 15, 2015 6:31:09 PM DataLoader writeLog
INFO: RunID 47
DataExtraction Operation Started for DB table CLASSES
Dec 15, 2015 6:31:12 PM DataLoader writeLog
INFO: RunID 47
Retrieving data for CLASSES
Dec 15, 2015 6:31:12 PM DataLoader writeLog
INFO: RunID  No.47
DataExtration Oparation for table CLASSES is extracted in D:\Sumanta\workspace\P2PFinal\DB_Extracts\15-12-2015\CLASSES-RunID-47-15122015063112.csv
Dec 15, 2015 6:31:18 PM DataLoader writeLog
INFO: RunID 47
Uploading CLASSES-RunID-47-15122015063112.csv to Amazon S3 bucket scholastic-edw-dev
Dec 15, 2015 6:31:19 PM DataLoader writeLog
INFO: RunID 47
CLASSES-RunID-47-15122015063112.csv transffered successfully.
Dec 15, 2015 6:31:19 PM DataLoader writeLog
INFO: RedShift Data loading started for CLASSES
Dec 15, 2015 6:37:12 PM DataLoader writeLog
INFO: Application Started Successfully.RunID  of this session is 48
Dec 15, 2015 6:37:15 PM DataLoader writeLog
INFO: RunID 48
DataExtraction Operation Started for DB table CLASSES
Dec 15, 2015 6:37:19 PM DataLoader writeLog
INFO: RunID 48
Retrieving data for CLASSES
Dec 15, 2015 6:37:19 PM DataLoader writeLog
INFO: RunID  No.48
DataExtration Oparation for table CLASSES is extracted in D:\Sumanta\workspace\P2PFinal\DB_Extracts\15-12-2015\CLASSES-RunID-48-15122015063719.csv
Dec 15, 2015 6:37:25 PM DataLoader writeLog
INFO: RunID 48
Uploading CLASSES-RunID-48-15122015063719.csv to Amazon S3 bucket scholastic-edw-dev
Dec 15, 2015 6:37:25 PM DataLoader writeLog
INFO: RunID 48
CLASSES-RunID-48-15122015063719.csv transffered successfully.
Dec 15, 2015 6:37:25 PM DataLoader writeLog
INFO: RedShift Data loading started for classes_tmp
Dec 15, 2015 6:39:55 PM DataLoader writeLog
INFO: Executing Query..
copy dw_prestage.classes_tmp from 's3://scholastic-edw-dev/15-12-2015/CLASSES-RunID-48-15122015063719.csv' credentials 'aws_access_key_id=AKIAJFXXGT3K5A43YLOA;aws_secret_access_key=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' timeformat 'YYYY-MM-DD HH:MI:SS' escape removequotes delimiter as ',' IGNOREHEADER 1 ACCEPTINVCHARS;
