Dec 10, 2015 5:15:43 PM DataLoader writeLog
INFO: Application Started Successfully.RunID  of this session is 35
Dec 10, 2015 5:15:43 PM DataLoader writeLog
INFO: RunID 35
DataExtraction Operation Started for DB table ITEMS
Dec 10, 2015 5:15:43 PM DataLoader writeLog
SEVERE: RunID 35
SQL Error!![NetSuite][NetSuite JDBC Driver]Invalid SQL specified.
Dec 10, 2015 5:36:27 PM DataLoader writeLog
INFO: Application Started Successfully.RunID  of this session is 36
Dec 10, 2015 5:36:27 PM DataLoader writeLog
INFO: RunID 36
DataExtraction Operation Started for DB table ITEMS
Dec 10, 2015 5:36:30 PM DataLoader writeLog
SEVERE: RunID 36
SQL Error!![NetSuite][NetSuite JDBC Driver][OpenAccess SDK SQL Engine]Column:PRODUCT_CALSSIFICATION_ANZ_ID not found.[10125]
Dec 10, 2015 5:44:34 PM DataLoader writeLog
INFO: Application Started Successfully.RunID  of this session is 37
Dec 10, 2015 5:44:34 PM DataLoader writeLog
INFO: RunID 37
DataExtraction Operation Started for DB table ITEMS
Dec 10, 2015 5:44:45 PM DataLoader writeLog
INFO: RunID 37
Retrieving data for ITEMS
Dec 10, 2015 5:57:34 PM DataLoader writeLog
INFO: RunID  No.37
DataExtration Oparation for table ITEMS is extracted in D:\Sumanta\workspace\P2PFinal\DB_Extracts\10-12-2015\ITEMS-RunID-37-10122015054445.csv
