Sep 17, 2015 3:54:32 PM DataLoader writeLog
INFO: Application Started Successfully.RunID of this session is 
Sep 17, 2015 3:54:32 PM DataLoader writeLog
INFO: RunID1
DataExtraction Operation Started for DB table ACCOUNTS
Sep 17, 2015 3:54:34 PM DataLoader writeLog
INFO: RunID1
Retrieving data for ACCOUNTS
Sep 17, 2015 3:54:34 PM DataLoader writeLog
INFO: RunID No.1
DataExtration Oparation for table ACCOUNTS is extracted in D:\Sumanta\workspace\P2PFinal\DB_Extracts\17-09-2015\ACCOUNTS-17092015035434.csv
Sep 17, 2015 3:54:34 PM DataLoader writeLog
INFO: RunID1
DataExtration Oparation is Started for Facts.
Sep 17, 2015 3:54:34 PM DataLoader writeLog
SEVERE: RunID1
Error!!D:\Sumanta\workspace\P2PFinal\FactSQLDir\.sql (The system cannot find the file specified)
Sep 17, 2015 3:54:34 PM DataLoader writeLog
SEVERE: RunID1
Error!!java.io.FileNotFoundException: D:\Sumanta\workspace\P2PFinal\FactSQLDir\.sql (The system cannot find the file specified)
Sep 17, 2015 3:54:36 PM DataLoader writeLog
INFO: RunID1
Uploading ACCOUNTS-17092015035434.csv to Amazon S3 bucket kol-kd
Sep 17, 2015 3:54:36 PM DataLoader writeLog
INFO: RunID1
ACCOUNTS-17092015035434.csv transffered successfully.
Sep 17, 2015 3:54:36 PM DataLoader writeLog
INFO: RedShift Data loading started for ACCOUNTS
Sep 17, 2015 3:55:36 PM DataLoader writeLog
SEVERE: Error occured while loading data from S3 to Redshift Cluster for ACCOUNTS
com.amazon.redshift.jdbc4.Driver
Sep 17, 2015 3:55:36 PM DataLoader writeLog
SEVERE: Index: 0, Size: 0
Sep 17, 2015 3:55:36 PM DataLoader writeLog
INFO: There is an issue while creating the extract of . So loading operation is skipped for 
Sep 17, 2015 4:41:19 PM DataLoader writeLog
INFO: Application Started Successfully.RunID of this session is 2
Sep 17, 2015 4:41:19 PM DataLoader writeLog
INFO: RunID2
DataExtraction Operation Started for DB table ACCOUNTS
Sep 17, 2015 4:41:21 PM DataLoader writeLog
INFO: RunID2
Retrieving data for ACCOUNTS
Sep 17, 2015 4:41:21 PM DataLoader writeLog
INFO: RunID No.2
DataExtration Oparation for table ACCOUNTS is extracted in D:\Sumanta\workspace\P2PFinal\DB_Extracts\17-09-2015\ACCOUNTS-17092015044121.csv
Sep 17, 2015 4:41:21 PM DataLoader writeLog
INFO: RunID2
DataExtration Oparation is Started for Facts.
Sep 17, 2015 4:41:21 PM DataLoader writeLog
SEVERE: RunID2
Error!!D:\Sumanta\workspace\P2PFinal\FactSQLDir\.sql (The system cannot find the file specified)
Sep 17, 2015 4:41:21 PM DataLoader writeLog
SEVERE: RunID2
Error!!java.io.FileNotFoundException: D:\Sumanta\workspace\P2PFinal\FactSQLDir\.sql (The system cannot find the file specified)
Sep 17, 2015 4:41:23 PM DataLoader writeLog
INFO: RunID2
Uploading ACCOUNTS-17092015044121.csv to Amazon S3 bucket kol-kd
Sep 17, 2015 4:41:23 PM DataLoader writeLog
INFO: RunID2
ACCOUNTS-17092015044121.csv transffered successfully.
Sep 17, 2015 4:41:23 PM DataLoader writeLog
INFO: RedShift Data loading started for ACCOUNTS
Sep 17, 2015 4:42:23 PM DataLoader writeLog
SEVERE: RunID2
Error occured while loading data from S3 to Redshift Cluster for ACCOUNTS
com.amazon.redshift.jdbc4.Driver
Sep 17, 2015 4:42:23 PM DataLoader writeLog
SEVERE: RunID2
Index: 0, Size: 0
Sep 17, 2015 4:42:23 PM DataLoader writeLog
INFO: There is an issue while creating the extract of . So loading operation is skipped for 
Sep 17, 2015 5:26:30 PM DataLoader writeLog
INFO: Application Started Successfully.RunID  of this session is 3
Sep 17, 2015 5:26:30 PM DataLoader writeLog
INFO: RunID 3
DataExtraction Operation Started for DB table ACCOUNTS
Sep 17, 2015 5:26:31 PM DataLoader writeLog
INFO: RunID 3
Retrieving data for ACCOUNTS
Sep 17, 2015 5:26:32 PM DataLoader writeLog
INFO: RunID  No.3
DataExtration Oparation for table ACCOUNTS is extracted in D:\Sumanta\workspace\P2PFinal\DB_Extracts\17-09-2015\ACCOUNTS-RunID-3-17092015052631.csv
Sep 17, 2015 5:26:32 PM DataLoader writeLog
INFO: RunID 3
Uploading ACCOUNTS-RunID-3-17092015052631.csv to Amazon S3 bucket kol-kd
Sep 17, 2015 5:26:32 PM DataLoader writeLog
INFO: RunID 3
ACCOUNTS-RunID-3-17092015052631.csv transffered successfully.
Sep 17, 2015 5:26:32 PM DataLoader writeLog
INFO: RedShift Data loading started for ACCOUNTS
Sep 17, 2015 5:27:32 PM DataLoader writeLog
SEVERE: RunID 3
Error occured while loading data from S3 to Redshift Cluster for ACCOUNTS
com.amazon.redshift.jdbc4.Driver
Sep 17, 2015 5:27:32 PM DataLoader writeLog
SEVERE: RunID 3
Index: 0, Size: 0
Sep 17, 2015 7:08:27 PM DataLoader writeLog
INFO: Application Started Successfully.RunID  of this session is 3
Sep 17, 2015 7:08:33 PM DataLoader writeLog
INFO: RunID 3
DataExtraction Operation Started for DB table ACCOUNTS
Sep 17, 2015 7:08:37 PM DataLoader writeLog
INFO: RunID 3
Retrieving data for ACCOUNTS
Sep 17, 2015 7:12:15 PM DataLoader writeLog
INFO: Application Started Successfully.RunID  of this session is 3
Sep 17, 2015 7:12:20 PM DataLoader writeLog
INFO: RunID 3
DataExtraction Operation Started for DB table ACCOUNTS
Sep 17, 2015 7:12:23 PM DataLoader writeLog
INFO: RunID 3
Retrieving data for ACCOUNTS
Sep 17, 2015 7:14:42 PM DataLoader writeLog
INFO: RunID 3
DataExtraction Operation Started for DB table ACCOUNTS
Sep 17, 2015 7:14:50 PM DataLoader writeLog
INFO: RunID 3
Retrieving data for ACCOUNTS
Sep 17, 2015 7:18:16 PM DataLoader writeLog
INFO: RunID 3
DataExtraction Operation Started for DB table ACCOUNTS
Sep 17, 2015 7:18:22 PM DataLoader writeLog
INFO: RunID 3
Retrieving data for ACCOUNTS
Sep 17, 2015 7:19:10 PM DataLoader writeLog
SEVERE: RunID 3
SQL Error!![NetSuite][NetSuite JDBC Driver]Column index 17 is out of range.
